<?xml version="1.0" encoding="UTF-8"?>
<testsuite xmlns:xsi="http://www.w3.org/2001/XMLSchema-instance" xsi:noNamespaceSchemaLocation="https://maven.apache.org/surefire/maven-surefire-plugin/xsd/surefire-test-report-3.0.xsd" version="3.0" name="com.gopi.training.jenkins.JenkinsCalcTest" time="0.065" tests="2" errors="0" skipped="0" failures="0">
  <properties>
    <property name="java.specification.version" value="21"/>
    <property name="sun.cpu.isalist" value="amd64"/>
    <property name="sun.jnu.encoding" value="Cp1252"/>
    <property name="java.class.path" value="D:\Jenkins\target\test-classes;D:\Jenkins\target\classes;C:\Users\GOPINAND\.m2\repository\junit\junit\4.13.2\junit-4.13.2.jar;C:\Users\GOPINAND\.m2\repository\org\hamcrest\hamcrest-core\1.3\hamcrest-core-1.3.jar;"/>
    <property name="java.vm.vendor" value="Oracle Corporation"/>
    <property name="sun.arch.data.model" value="64"/>
    <property name="user.variant" value=""/>
    <property name="java.vendor.url" value="https://java.oracle.com/"/>
    <property name="user.timezone" value="Asia/Calcutta"/>
    <property name="os.name" value="Windows 11"/>
    <property name="java.vm.specification.version" value="21"/>
    <property name="sun.java.launcher" value="SUN_STANDARD"/>
    <property name="user.country" value="IN"/>
    <property name="sun.boot.library.path" value="C:\Program Files\Java\jdk-21\bin"/>
    <property name="sun.java.command" value="C:\Users\GOPINAND\AppData\Local\Temp\surefire8728696679252080594\surefirebooter-20250807215030466_3.jar C:\Users\GOPINAND\AppData\Local\Temp\surefire8728696679252080594 2025-08-07T21-50-30_293-jvmRun1 surefire-20250807215030466_1tmp surefire_0-20250807215030466_2tmp"/>
    <property name="jdk.debug" value="release"/>
    <property name="surefire.test.class.path" value="D:\Jenkins\target\test-classes;D:\Jenkins\target\classes;C:\Users\GOPINAND\.m2\repository\junit\junit\4.13.2\junit-4.13.2.jar;C:\Users\GOPINAND\.m2\repository\org\hamcrest\hamcrest-core\1.3\hamcrest-core-1.3.jar;"/>
    <property name="sun.cpu.endian" value="little"/>
    <property name="user.home" value="C:\Users\GOPINAND"/>
    <property name="user.language" value="en"/>
    <property name="java.specification.vendor" value="Oracle Corporation"/>
    <property name="java.version.date" value="2024-10-15"/>
    <property name="java.home" value="C:\Program Files\Java\jdk-21"/>
    <property name="file.separator" value="\"/>
    <property name="basedir" value="D:\Jenkins"/>
    <property name="java.vm.compressedOopsMode" value="32-bit"/>
    <property name="line.separator" value="&#10;"/>
    <property name="java.vm.specification.vendor" value="Oracle Corporation"/>
    <property name="java.specification.name" value="Java Platform API Specification"/>
    <property name="surefire.real.class.path" value="C:\Users\GOPINAND\AppData\Local\Temp\surefire8728696679252080594\surefirebooter-20250807215030466_3.jar"/>
    <property name="user.script" value=""/>
    <property name="sun.management.compiler" value="HotSpot 64-Bit Tiered Compilers"/>
    <property name="java.runtime.version" value="21.0.5+9-LTS-239"/>
    <property name="user.name" value="GOPINAND"/>
    <property name="stdout.encoding" value="Cp1252"/>
    <property name="path.separator" value=";"/>
    <property name="os.version" value="10.0"/>
    <property name="java.runtime.name" value="Java(TM) SE Runtime Environment"/>
    <property name="file.encoding" value="UTF-8"/>
    <property name="java.vm.name" value="Java HotSpot(TM) 64-Bit Server VM"/>
    <property name="localRepository" value="C:\Users\GOPINAND\.m2\repository"/>
    <property name="java.vendor.url.bug" value="https://bugreport.java.com/bugreport/"/>
    <property name="java.io.tmpdir" value="C:\Users\GOPINAND\AppData\Local\Temp\"/>
    <property name="java.version" value="21.0.5"/>
    <property name="user.dir" value="D:\Jenkins"/>
    <property name="os.arch" value="amd64"/>
    <property name="java.vm.specification.name" value="Java Virtual Machine Specification"/>
    <property name="sun.os.patch.level" value=""/>
    <property name="native.encoding" value="Cp1252"/>
    <property name="java.library.path" value="C:\Program Files\Java\jdk-21\bin;C:\WINDOWS\Sun\Java\bin;C:\WINDOWS\system32;C:\WINDOWS;C:\Program Files\Java\jdk-21/bin;C:\Program Files\Java\jdk-21/bin;C:\Program Files\Java\jdk-21\bin;E:\Python\Python313\Scripts\;E:\Python\Python313\;D:\oracle\product\10.2.0\db_1\bin;C:\WINDOWS\system32;C:\WINDOWS;C:\WINDOWS\System32\Wbem;C:\WINDOWS\System32\WindowsPowerShell\v1.0\;C:\WINDOWS\System32\OpenSSH\;C:\Program Files\CodeBlocks\MinGW\bin;C:\TDM-GCC-64\bin;C:\ProgramData\chocolatey\bin;%LOCALAPPDATA%\Android\Sdk\platform-tools;C:\Users\GOPINAND\AppData\Local\Android\Sdk\cmdline-tools\bin;E:\Users\GOPINAND\AppData\Local\nvm;C:\nvm4w\nodejs;E:\Users\GOPINAND\AppData\Local\nvm\v20.18.2;C:\HashiCorp\Vagrant\bin;E:\Program Files\Git\cmd;C:\ProgramData\chocolatey\lib\maven\apache-maven-3.9.11\bin;C:\Program Files\Amazon\AWSCLIV2\;C:\Program Files\Microsoft VS Code\bin;C:\Program Files\Terraform;C:\Program Files\Java\jdk-21\bin;C:\Users\GOPINAND\AppData\Local\Microsoft\WindowsApps;C:\Users\GOPINAND\AppData\Local\Programs\Microsoft VS Code\bin;C:\Users\GOPINAND\AppData\Roaming\npm;E:\Program Files\JetBrains\PyCharm Community Edition 2024.3.1.1\bin;;C:\Users\GOPINAND\AppData\Local\Android\Sdk\platform-tools;E:\Users\GOPINAND\AppData\Local\nvm;C:\nvm4w\nodejs;C:\Program Files\Oracle\VirtualBox;C:\ProgramData\chocolatey\lib\maven\apache-maven-3.9.11\bin;;."/>
    <property name="java.vm.info" value="mixed mode, sharing"/>
    <property name="stderr.encoding" value="Cp1252"/>
    <property name="java.vendor" value="Oracle Corporation"/>
    <property name="java.vm.version" value="21.0.5+9-LTS-239"/>
    <property name="sun.io.unicode.encoding" value="UnicodeLittle"/>
    <property name="java.class.version" value="65.0"/>
  </properties>
  <testcase name="addTest" classname="com.gopi.training.jenkins.JenkinsCalcTest" time="0.008"/>
  <testcase name="subtractTest" classname="com.gopi.training.jenkins.JenkinsCalcTest" time="0.0"/>
</testsuite>